<?xml version="1.0" encoding="UTF-8"?>
<!-- Generated by org.testng.reporters.JUnitXMLReporter -->
<testsuite ignored="0" hostname="LTIN185426" failures="0" tests="14" name="Default test" time="0.165" errors="0" timestamp="2024-02-20T20:55:14 IST">
  <testcase classname="testBase.BaseClass" name="@BeforeTest driverSetup" time="-1.708442714522E9">
    <failure type="org.testng.TestNGException" message="
Parameter &amp;apos;browser&amp;apos; is required by BeforeTest on method driverSetup but has not been marked @Optional or defined
in C:\Users\2304092\AppData\Local\Temp\3\testng-eclipse-388976577\testng-customsuite.xml">
      <![CDATA[org.testng.TestNGException: 
Parameter 'browser' is required by BeforeTest on method driverSetup but has not been marked @Optional or defined
in C:\Users\2304092\AppData\Local\Temp\3\testng-eclipse-388976577\testng-customsuite.xml
at org.testng.internal.Parameters.createParams(Parameters.java:270)
at org.testng.internal.Parameters.createParametersForMethod(Parameters.java:358)
at org.testng.internal.Parameters.createParameters(Parameters.java:700)
at org.testng.internal.Parameters.createConfigurationParameters(Parameters.java:168)
at org.testng.internal.ConfigInvoker.invokeConfigurations(ConfigInvoker.java:302)
at org.testng.TestRunner.invokeTestConfigurations(TestRunner.java:637)
at org.testng.TestRunner.beforeRun(TestRunner.java:627)
at org.testng.TestRunner.run(TestRunner.java:589)
at org.testng.SuiteRunner.runTest(SuiteRunner.java:377)
at org.testng.SuiteRunner.runSequentially(SuiteRunner.java:371)
at org.testng.SuiteRunner.privateRun(SuiteRunner.java:332)
at org.testng.SuiteRunner.run(SuiteRunner.java:276)
at org.testng.SuiteRunnerWorker.runSuite(SuiteRunnerWorker.java:53)
at org.testng.SuiteRunnerWorker.run(SuiteRunnerWorker.java:96)
at org.testng.TestNG.runSuitesSequentially(TestNG.java:1212)
at org.testng.TestNG.runSuitesLocally(TestNG.java:1134)
at org.testng.TestNG.runSuites(TestNG.java:1063)
at org.testng.TestNG.run(TestNG.java:1031)
at org.testng.remote.AbstractRemoteTestNG.run(AbstractRemoteTestNG.java:115)
at org.testng.remote.RemoteTestNG.initAndRun(RemoteTestNG.java:251)
at org.testng.remote.RemoteTestNG.main(RemoteTestNG.java:77)
]]>
    </failure>
  </testcase> <!-- @BeforeTest driverSetup -->
  <testcase classname="testBase.BaseClass" name="@AfterTest tearDown" time="-1.708442714672E9">
    <skipped/>
  </testcase> <!-- @AfterTest tearDown -->
  <testcase classname="testCases.DisplayBookshelves" name="sendInSearch" time="0.0">
    <skipped/>
  </testcase> <!-- sendInSearch -->
  <testcase classname="testCases.DisplayBookshelves" name="clicksearch" time="0.0">
    <skipped/>
  </testcase> <!-- clicksearch -->
  <testcase classname="testCases.DisplayBookshelves" name="closePopUp" time="0.0">
    <skipped/>
  </testcase> <!-- closePopUp -->
  <testcase classname="testCases.DisplayBookshelves" name="scrollDown" time="0.0">
    <skipped/>
  </testcase> <!-- scrollDown -->
  <testcase classname="testCases.DisplayBookshelves" name="hoverCategory" time="0.0">
    <skipped/>
  </testcase> <!-- hoverCategory -->
  <testcase classname="testCases.DisplayBookshelves" name="bookshelveCategory" time="0.0">
    <skipped/>
  </testcase> <!-- bookshelveCategory -->
  <testcase classname="testCases.DisplayBookshelves" name="hoverToPrice" time="0.0">
    <skipped/>
  </testcase> <!-- hoverToPrice -->
  <testcase classname="testCases.DisplayBookshelves" name="waitPriceSlider" time="0.0">
    <skipped/>
  </testcase> <!-- waitPriceSlider -->
  <testcase classname="testCases.DisplayBookshelves" name="slidePriceamount" time="0.0">
    <skipped/>
  </testcase> <!-- slidePriceamount -->
  <testcase classname="testCases.DisplayBookshelves" name="inStock" time="0.0">
    <skipped/>
  </testcase> <!-- inStock -->
  <testcase classname="testCases.DisplayBookshelves" name="hoverSortBy" time="0.0">
    <skipped/>
  </testcase> <!-- hoverSortBy -->
  <testcase classname="testCases.DisplayBookshelves" name="sortAccToPrice" time="0.0">
    <skipped/>
  </testcase> <!-- sortAccToPrice -->
  <testcase classname="testCases.DisplayBookshelves" name="collectingBookShelvesList" time="0.0">
    <skipped/>
  </testcase> <!-- collectingBookShelvesList -->
  <testcase classname="testCases.DisplayBookshelves" name="displayingBookShelves" time="0.0">
    <skipped/>
  </testcase> <!-- displayingBookShelves -->
</testsuite> <!-- Default test -->
